[ 2019-02-23T16:47:42+08:00 ] ::1 /selftest/
INFO: [ app_init ] --START--
INFO: Run Behavior\BuildLiteBehavior [ RunTime:0.000020s ]
INFO: [ app_init ] --END-- [ RunTime:0.000118s ]
INFO: [ app_begin ] --START--
INFO: Run Behavior\ReadHtmlCacheBehavior [ RunTime:0.002129s ]
INFO: [ app_begin ] --END-- [ RunTime:0.002233s ]
INFO: [ view_parse ] --START--
INFO: [ template_filter ] --START--
INFO: Run Behavior\ContentReplaceBehavior [ RunTime:0.000051s ]
INFO: [ template_filter ] --END-- [ RunTime:0.000139s ]
INFO: Run Behavior\ParseTemplateBehavior [ RunTime:0.028271s ]
INFO: [ view_parse ] --END-- [ RunTime:0.028378s ]
INFO: [ view_filter ] --START--
INFO: Run Behavior\WriteHtmlCacheBehavior [ RunTime:0.002871s ]
INFO: [ view_filter ] --END-- [ RunTime:0.002966s ]
INFO: [ app_end ] --START--
INFO: Run Behavior\ShowPageTraceBehavior [ RunTime:0.002773s ]
INFO: [ app_end ] --END-- [ RunTime:0.002883s ]

[ 2019-02-23T16:53:49+08:00 ] ::1 /selftest/
INFO: [ app_init ] --START--
INFO: Run Behavior\BuildLiteBehavior [ RunTime:0.000024s ]
INFO: [ app_init ] --END-- [ RunTime:0.001470s ]
INFO: [ app_begin ] --START--
INFO: Run Behavior\ReadHtmlCacheBehavior [ RunTime:0.002505s ]
INFO: [ app_begin ] --END-- [ RunTime:0.002628s ]
ERR: 模板不存在:./Application/Home/View/Index/index.html

[ 2019-02-23T16:54:31+08:00 ] ::1 /selftest/
INFO: [ app_init ] --START--
INFO: Run Behavior\BuildLiteBehavior [ RunTime:0.000022s ]
INFO: [ app_init ] --END-- [ RunTime:0.001052s ]
INFO: [ app_begin ] --START--
INFO: Run Behavior\ReadHtmlCacheBehavior [ RunTime:0.001905s ]
INFO: [ app_begin ] --END-- [ RunTime:0.002005s ]
INFO: [ view_parse ] --START--
INFO: [ template_filter ] --START--
INFO: Run Behavior\ContentReplaceBehavior [ RunTime:0.000063s ]
INFO: [ template_filter ] --END-- [ RunTime:0.000184s ]
INFO: Run Behavior\ParseTemplateBehavior [ RunTime:0.022611s ]
INFO: [ view_parse ] --END-- [ RunTime:0.022752s ]
INFO: [ view_filter ] --START--
INFO: Run Behavior\WriteHtmlCacheBehavior [ RunTime:0.002183s ]
INFO: [ view_filter ] --END-- [ RunTime:0.002261s ]
INFO: [ app_end ] --START--
INFO: Run Behavior\ShowPageTraceBehavior [ RunTime:0.002338s ]
INFO: [ app_end ] --END-- [ RunTime:0.002421s ]

[ 2019-02-23T16:59:24+08:00 ] ::1 /selftest/
INFO: [ app_init ] --START--
INFO: Run Behavior\BuildLiteBehavior [ RunTime:0.000023s ]
INFO: [ app_init ] --END-- [ RunTime:0.001156s ]
INFO: [ app_begin ] --START--
INFO: Run Behavior\ReadHtmlCacheBehavior [ RunTime:0.002235s ]
INFO: [ app_begin ] --END-- [ RunTime:0.002344s ]
INFO: [ view_parse ] --START--
INFO: [ template_filter ] --START--
INFO: Run Behavior\ContentReplaceBehavior [ RunTime:0.000093s ]
INFO: [ template_filter ] --END-- [ RunTime:0.000204s ]
INFO: Run Behavior\ParseTemplateBehavior [ RunTime:0.017707s ]
INFO: [ view_parse ] --END-- [ RunTime:0.017871s ]
INFO: [ view_filter ] --START--
INFO: Run Behavior\WriteHtmlCacheBehavior [ RunTime:0.001895s ]
INFO: [ view_filter ] --END-- [ RunTime:0.001969s ]
INFO: [ app_end ] --START--
INFO: Run Behavior\ShowPageTraceBehavior [ RunTime:0.002218s ]
INFO: [ app_end ] --END-- [ RunTime:0.002321s ]

[ 2019-02-23T17:01:34+08:00 ] ::1 /selftest/
INFO: [ app_init ] --START--
INFO: Run Behavior\BuildLiteBehavior [ RunTime:0.000031s ]
INFO: [ app_init ] --END-- [ RunTime:0.001744s ]
INFO: [ app_begin ] --START--
INFO: Run Behavior\ReadHtmlCacheBehavior [ RunTime:0.002046s ]
INFO: [ app_begin ] --END-- [ RunTime:0.002157s ]
INFO: [ view_parse ] --START--
INFO: [ template_filter ] --START--
INFO: Run Behavior\ContentReplaceBehavior [ RunTime:0.000052s ]
INFO: [ template_filter ] --END-- [ RunTime:0.000258s ]
INFO: Run Behavior\ParseTemplateBehavior [ RunTime:0.022180s ]
INFO: [ view_parse ] --END-- [ RunTime:0.022285s ]
INFO: [ view_filter ] --START--
INFO: Run Behavior\WriteHtmlCacheBehavior [ RunTime:0.001666s ]
INFO: [ view_filter ] --END-- [ RunTime:0.001740s ]
INFO: [ app_end ] --START--
INFO: Run Behavior\ShowPageTraceBehavior [ RunTime:0.001989s ]
INFO: [ app_end ] --END-- [ RunTime:0.002072s ]

[ 2019-02-23T17:01:36+08:00 ] ::1 /selftest/index.php/Home/Index/login.html
INFO: [ app_init ] --START--
INFO: Run Behavior\BuildLiteBehavior [ RunTime:0.000016s ]
INFO: [ app_init ] --END-- [ RunTime:0.001005s ]
INFO: [ app_begin ] --START--
INFO: Run Behavior\ReadHtmlCacheBehavior [ RunTime:0.001372s ]
INFO: [ app_begin ] --END-- [ RunTime:0.001442s ]
INFO: [ view_parse ] --START--
INFO: [ template_filter ] --START--
INFO: Run Behavior\ContentReplaceBehavior [ RunTime:0.000064s ]
INFO: [ template_filter ] --END-- [ RunTime:0.000177s ]
INFO: Run Behavior\ParseTemplateBehavior [ RunTime:0.013447s ]
INFO: [ view_parse ] --END-- [ RunTime:0.013614s ]
INFO: [ view_filter ] --START--
INFO: Run Behavior\WriteHtmlCacheBehavior [ RunTime:0.001260s ]
INFO: [ view_filter ] --END-- [ RunTime:0.001310s ]
INFO: [ app_end ] --START--
INFO: Run Behavior\ShowPageTraceBehavior [ RunTime:0.001785s ]
INFO: [ app_end ] --END-- [ RunTime:0.001836s ]

[ 2019-02-23T17:01:39+08:00 ] ::1 /selftest/index.php/Home/Index/register.html
INFO: [ app_init ] --START--
INFO: Run Behavior\BuildLiteBehavior [ RunTime:0.000020s ]
INFO: [ app_init ] --END-- [ RunTime:0.001012s ]
INFO: [ app_begin ] --START--
INFO: Run Behavior\ReadHtmlCacheBehavior [ RunTime:0.001987s ]
INFO: [ app_begin ] --END-- [ RunTime:0.002088s ]
INFO: [ view_parse ] --START--
INFO: [ template_filter ] --START--
INFO: Run Behavior\ContentReplaceBehavior [ RunTime:0.000048s ]
INFO: [ template_filter ] --END-- [ RunTime:0.000132s ]
INFO: Run Behavior\ParseTemplateBehavior [ RunTime:0.016259s ]
INFO: [ view_parse ] --END-- [ RunTime:0.016358s ]
INFO: [ view_filter ] --START--
INFO: Run Behavior\WriteHtmlCacheBehavior [ RunTime:0.001703s ]
INFO: [ view_filter ] --END-- [ RunTime:0.001772s ]
INFO: [ app_end ] --START--
INFO: Run Behavior\ShowPageTraceBehavior [ RunTime:0.003740s ]
INFO: [ app_end ] --END-- [ RunTime:0.003815s ]

[ 2019-02-23T17:11:19+08:00 ] ::1 /selftest/index.php/Home/Index/login.html
INFO: [ app_init ] --START--
INFO: Run Behavior\BuildLiteBehavior [ RunTime:0.000026s ]
INFO: [ app_init ] --END-- [ RunTime:0.021572s ]
INFO: [ app_begin ] --START--
INFO: Run Behavior\ReadHtmlCacheBehavior [ RunTime:0.008954s ]
INFO: [ app_begin ] --END-- [ RunTime:0.009064s ]

[ 2019-02-23T17:12:37+08:00 ] ::1 /selftest/index.php/Home/Index/login.html
INFO: [ app_init ] --START--
INFO: Run Behavior\BuildLiteBehavior [ RunTime:0.000021s ]
INFO: [ app_init ] --END-- [ RunTime:0.000977s ]
INFO: [ app_begin ] --START--
INFO: Run Behavior\ReadHtmlCacheBehavior [ RunTime:0.002024s ]
INFO: [ app_begin ] --END-- [ RunTime:0.002117s ]
INFO: [ view_parse ] --START--
INFO: [ template_filter ] --START--
INFO: Run Behavior\ContentReplaceBehavior [ RunTime:0.000058s ]
INFO: [ template_filter ] --END-- [ RunTime:0.000149s ]
INFO: Run Behavior\ParseTemplateBehavior [ RunTime:0.016079s ]
INFO: [ view_parse ] --END-- [ RunTime:0.016224s ]
INFO: [ view_filter ] --START--
INFO: Run Behavior\WriteHtmlCacheBehavior [ RunTime:0.001778s ]
INFO: [ view_filter ] --END-- [ RunTime:0.001851s ]
INFO: [ app_end ] --START--
INFO: Run Behavior\ShowPageTraceBehavior [ RunTime:0.002086s ]
INFO: [ app_end ] --END-- [ RunTime:0.002163s ]

[ 2019-02-23T17:12:40+08:00 ] ::1 /selftest/index.php/Home/Index/login.html?username=admin%40qq.com&password=123456
INFO: [ app_init ] --START--
INFO: Run Behavior\BuildLiteBehavior [ RunTime:0.000025s ]
INFO: [ app_init ] --END-- [ RunTime:0.001067s ]
INFO: [ app_begin ] --START--
INFO: Run Behavior\ReadHtmlCacheBehavior [ RunTime:0.001923s ]
INFO: [ app_begin ] --END-- [ RunTime:0.002019s ]
INFO: [ view_parse ] --START--
INFO: [ template_filter ] --START--
INFO: Run Behavior\ContentReplaceBehavior [ RunTime:0.000054s ]
INFO: [ template_filter ] --END-- [ RunTime:0.000143s ]
INFO: Run Behavior\ParseTemplateBehavior [ RunTime:0.015324s ]
INFO: [ view_parse ] --END-- [ RunTime:0.015429s ]
INFO: [ view_filter ] --START--
INFO: Run Behavior\WriteHtmlCacheBehavior [ RunTime:0.001737s ]
INFO: [ view_filter ] --END-- [ RunTime:0.001810s ]
INFO: [ app_end ] --START--
INFO: Run Behavior\ShowPageTraceBehavior [ RunTime:0.002917s ]
INFO: [ app_end ] --END-- [ RunTime:0.002999s ]

[ 2019-02-23T17:13:46+08:00 ] ::1 /selftest/index.php/Home/Index/login.html?username=admin%40qq.com&password=123456
INFO: [ app_init ] --START--
INFO: Run Behavior\BuildLiteBehavior [ RunTime:0.000024s ]
INFO: [ app_init ] --END-- [ RunTime:0.004393s ]
INFO: [ app_begin ] --START--
INFO: Run Behavior\ReadHtmlCacheBehavior [ RunTime:0.002010s ]
INFO: [ app_begin ] --END-- [ RunTime:0.002104s ]
INFO: [ view_parse ] --START--
INFO: [ template_filter ] --START--
INFO: Run Behavior\ContentReplaceBehavior [ RunTime:0.000054s ]
INFO: [ template_filter ] --END-- [ RunTime:0.000141s ]
INFO: Run Behavior\ParseTemplateBehavior [ RunTime:0.017941s ]
INFO: [ view_parse ] --END-- [ RunTime:0.018092s ]
INFO: [ view_filter ] --START--
INFO: Run Behavior\WriteHtmlCacheBehavior [ RunTime:0.002645s ]
INFO: [ view_filter ] --END-- [ RunTime:0.002729s ]
INFO: [ app_end ] --START--
INFO: Run Behavior\ShowPageTraceBehavior [ RunTime:0.002114s ]
INFO: [ app_end ] --END-- [ RunTime:0.002194s ]

[ 2019-02-23T17:13:47+08:00 ] ::1 /selftest/index.php/Home/Index/doRegister.html
INFO: [ app_init ] --START--
INFO: Run Behavior\BuildLiteBehavior [ RunTime:0.000021s ]
INFO: [ app_init ] --END-- [ RunTime:0.001003s ]
INFO: [ app_begin ] --START--
INFO: Run Behavior\ReadHtmlCacheBehavior [ RunTime:0.002254s ]
INFO: [ app_begin ] --END-- [ RunTime:0.002361s ]
INFO: [ app_end ] --START--
INFO: Run Behavior\ShowPageTraceBehavior [ RunTime:0.002533s ]
INFO: [ app_end ] --END-- [ RunTime:0.002843s ]

[ 2019-02-23T17:16:20+08:00 ] ::1 /selftest/index.php/Home/Index/register.html
INFO: [ app_init ] --START--
INFO: Run Behavior\BuildLiteBehavior [ RunTime:0.000023s ]
INFO: [ app_init ] --END-- [ RunTime:0.001595s ]
INFO: [ app_begin ] --START--
INFO: Run Behavior\ReadHtmlCacheBehavior [ RunTime:0.006197s ]
INFO: [ app_begin ] --END-- [ RunTime:0.006321s ]
INFO: [ view_parse ] --START--
INFO: [ template_filter ] --START--
INFO: Run Behavior\ContentReplaceBehavior [ RunTime:0.000060s ]
INFO: [ template_filter ] --END-- [ RunTime:0.000185s ]
INFO: Run Behavior\ParseTemplateBehavior [ RunTime:0.023525s ]
INFO: [ view_parse ] --END-- [ RunTime:0.023634s ]
INFO: [ view_filter ] --START--
INFO: Run Behavior\WriteHtmlCacheBehavior [ RunTime:0.001655s ]
INFO: [ view_filter ] --END-- [ RunTime:0.001727s ]
INFO: [ app_end ] --START--
INFO: Run Behavior\ShowPageTraceBehavior [ RunTime:0.001987s ]
INFO: [ app_end ] --END-- [ RunTime:0.002064s ]

[ 2019-02-23T17:16:22+08:00 ] ::1 /selftest/index.php/Home/Index/doRegister.html
INFO: [ app_init ] --START--
INFO: Run Behavior\BuildLiteBehavior [ RunTime:0.000020s ]
INFO: [ app_init ] --END-- [ RunTime:0.000902s ]
INFO: [ app_begin ] --START--
INFO: Run Behavior\ReadHtmlCacheBehavior [ RunTime:0.001796s ]
INFO: [ app_begin ] --END-- [ RunTime:0.001878s ]
NOTIC: [2] Missing argument 1 for I(), called in D:\XM\selftest\Application\Home\Controller\IndexController.class.php on line 28 and defined D:\XM\selftest\ThinkPHP\Common\functions.php 第 303 行.
NOTIC: [8] Undefined variable: name D:\XM\selftest\ThinkPHP\Common\functions.php 第 306 行.
NOTIC: [8] Undefined variable: name D:\XM\selftest\ThinkPHP\Common\functions.php 第 313 行.
NOTIC: [8] Undefined variable: name D:\XM\selftest\ThinkPHP\Common\functions.php 第 376 行.
NOTIC: [8] Undefined variable: arrRigister D:\XM\selftest\Application\Home\Controller\IndexController.class.php 第 29 行.
INFO: [ app_end ] --START--
INFO: Run Behavior\ShowPageTraceBehavior [ RunTime:0.002803s ]
INFO: [ app_end ] --END-- [ RunTime:0.002896s ]

[ 2019-02-23T17:16:38+08:00 ] ::1 /selftest/index.php/Home/Index/register.html
INFO: [ app_init ] --START--
INFO: Run Behavior\BuildLiteBehavior [ RunTime:0.000020s ]
INFO: [ app_init ] --END-- [ RunTime:0.000990s ]
INFO: [ app_begin ] --START--
INFO: Run Behavior\ReadHtmlCacheBehavior [ RunTime:0.002039s ]
INFO: [ app_begin ] --END-- [ RunTime:0.002133s ]
INFO: [ view_parse ] --START--
INFO: [ template_filter ] --START--
INFO: Run Behavior\ContentReplaceBehavior [ RunTime:0.000047s ]
INFO: [ template_filter ] --END-- [ RunTime:0.000127s ]
INFO: Run Behavior\ParseTemplateBehavior [ RunTime:0.015673s ]
INFO: [ view_parse ] --END-- [ RunTime:0.015770s ]
INFO: [ view_filter ] --START--
INFO: Run Behavior\WriteHtmlCacheBehavior [ RunTime:0.001716s ]
INFO: [ view_filter ] --END-- [ RunTime:0.001784s ]
INFO: [ app_end ] --START--
INFO: Run Behavior\ShowPageTraceBehavior [ RunTime:0.001976s ]
INFO: [ app_end ] --END-- [ RunTime:0.002049s ]

[ 2019-02-23T17:16:40+08:00 ] ::1 /selftest/index.php/Home/Index/doRegister.html
INFO: [ app_init ] --START--
INFO: Run Behavior\BuildLiteBehavior [ RunTime:0.000021s ]
INFO: [ app_init ] --END-- [ RunTime:0.001009s ]
INFO: [ app_begin ] --START--
INFO: Run Behavior\ReadHtmlCacheBehavior [ RunTime:0.001853s ]
INFO: [ app_begin ] --END-- [ RunTime:0.001943s ]
NOTIC: [2] strpos() expects parameter 1 to be string, array given D:\XM\selftest\ThinkPHP\Common\functions.php 第 306 行.
NOTIC: [2] strpos() expects parameter 1 to be string, array given D:\XM\selftest\ThinkPHP\Common\functions.php 第 313 行.
NOTIC: [2] Illegal offset type in isset or empty D:\XM\selftest\ThinkPHP\Common\functions.php 第 388 行.
NOTIC: [8] Undefined variable: arrRigister D:\XM\selftest\Application\Home\Controller\IndexController.class.php 第 29 行.
INFO: [ app_end ] --START--
INFO: Run Behavior\ShowPageTraceBehavior [ RunTime:0.003294s ]
INFO: [ app_end ] --END-- [ RunTime:0.003392s ]

[ 2019-02-23T17:16:52+08:00 ] ::1 /selftest/index.php/Home/Index/doRegister.html
INFO: [ app_init ] --START--
INFO: Run Behavior\BuildLiteBehavior [ RunTime:0.000015s ]
INFO: [ app_init ] --END-- [ RunTime:0.000677s ]
INFO: [ app_begin ] --START--
INFO: Run Behavior\ReadHtmlCacheBehavior [ RunTime:0.001274s ]
INFO: [ app_begin ] --END-- [ RunTime:0.001333s ]
NOTIC: [8] Undefined variable: arrRigister D:\XM\selftest\Application\Home\Controller\IndexController.class.php 第 29 行.
INFO: [ app_end ] --START--
INFO: Run Behavior\ShowPageTraceBehavior [ RunTime:0.001296s ]
INFO: [ app_end ] --END-- [ RunTime:0.001344s ]

[ 2019-02-23T17:16:56+08:00 ] ::1 /selftest/index.php/Home/Index/doRegister.html
INFO: [ app_init ] --START--
INFO: Run Behavior\BuildLiteBehavior [ RunTime:0.000024s ]
INFO: [ app_init ] --END-- [ RunTime:0.001128s ]
INFO: [ app_begin ] --START--
INFO: Run Behavior\ReadHtmlCacheBehavior [ RunTime:0.002367s ]
INFO: [ app_begin ] --END-- [ RunTime:0.002479s ]
NOTIC: [8] Undefined variable: arrRigister D:\XM\selftest\Application\Home\Controller\IndexController.class.php 第 29 行.
INFO: [ app_end ] --START--
INFO: Run Behavior\ShowPageTraceBehavior [ RunTime:0.002340s ]
INFO: [ app_end ] --END-- [ RunTime:0.002433s ]

[ 2019-02-23T17:18:01+08:00 ] ::1 /selftest/index.php/Home/Index/doRegister.html
INFO: [ app_init ] --START--
INFO: Run Behavior\BuildLiteBehavior [ RunTime:0.000036s ]
INFO: [ app_init ] --END-- [ RunTime:0.001071s ]
INFO: [ app_begin ] --START--
INFO: Run Behavior\ReadHtmlCacheBehavior [ RunTime:0.003878s ]
INFO: [ app_begin ] --END-- [ RunTime:0.004262s ]
NOTIC: [8] Undefined variable: arrRigister D:\XM\selftest\Application\Home\Controller\IndexController.class.php 第 29 行.
INFO: [ app_end ] --START--
INFO: Run Behavior\ShowPageTraceBehavior [ RunTime:0.001815s ]
INFO: [ app_end ] --END-- [ RunTime:0.001892s ]

[ 2019-02-23T17:18:18+08:00 ] ::1 /selftest/index.php/Home/Index/register.html
INFO: [ app_init ] --START--
INFO: Run Behavior\BuildLiteBehavior [ RunTime:0.000025s ]
INFO: [ app_init ] --END-- [ RunTime:0.002574s ]
INFO: [ app_begin ] --START--
INFO: Run Behavior\ReadHtmlCacheBehavior [ RunTime:0.002165s ]
INFO: [ app_begin ] --END-- [ RunTime:0.002267s ]
INFO: [ view_parse ] --START--
INFO: [ template_filter ] --START--
INFO: Run Behavior\ContentReplaceBehavior [ RunTime:0.000051s ]
INFO: [ template_filter ] --END-- [ RunTime:0.000160s ]
INFO: Run Behavior\ParseTemplateBehavior [ RunTime:0.015643s ]
INFO: [ view_parse ] --END-- [ RunTime:0.015737s ]
INFO: [ view_filter ] --START--
INFO: Run Behavior\WriteHtmlCacheBehavior [ RunTime:0.001659s ]
INFO: [ view_filter ] --END-- [ RunTime:0.001727s ]
INFO: [ app_end ] --START--
INFO: Run Behavior\ShowPageTraceBehavior [ RunTime:0.002905s ]
INFO: [ app_end ] --END-- [ RunTime:0.002996s ]

[ 2019-02-23T17:18:19+08:00 ] ::1 /selftest/index.php/Home/Index/doRegister.html
INFO: [ app_init ] --START--
INFO: Run Behavior\BuildLiteBehavior [ RunTime:0.000021s ]
INFO: [ app_init ] --END-- [ RunTime:0.001021s ]
INFO: [ app_begin ] --START--
INFO: Run Behavior\ReadHtmlCacheBehavior [ RunTime:0.001922s ]
INFO: [ app_begin ] --END-- [ RunTime:0.002023s ]
NOTIC: [8] Undefined variable: arrRigister D:\XM\selftest\Application\Home\Controller\IndexController.class.php 第 29 行.
INFO: [ app_end ] --START--
INFO: Run Behavior\ShowPageTraceBehavior [ RunTime:0.002488s ]
INFO: [ app_end ] --END-- [ RunTime:0.002608s ]

[ 2019-02-23T17:19:08+08:00 ] ::1 /selftest/index.php/Home/Index/register.html
INFO: [ app_init ] --START--
INFO: Run Behavior\BuildLiteBehavior [ RunTime:0.000023s ]
INFO: [ app_init ] --END-- [ RunTime:0.001233s ]
INFO: [ app_begin ] --START--
INFO: Run Behavior\ReadHtmlCacheBehavior [ RunTime:0.002345s ]
INFO: [ app_begin ] --END-- [ RunTime:0.002577s ]
INFO: [ view_parse ] --START--
INFO: [ template_filter ] --START--
INFO: Run Behavior\ContentReplaceBehavior [ RunTime:0.000052s ]
INFO: [ template_filter ] --END-- [ RunTime:0.000137s ]
INFO: Run Behavior\ParseTemplateBehavior [ RunTime:0.017895s ]
INFO: [ view_parse ] --END-- [ RunTime:0.018000s ]
INFO: [ view_filter ] --START--
INFO: Run Behavior\WriteHtmlCacheBehavior [ RunTime:0.001741s ]
INFO: [ view_filter ] --END-- [ RunTime:0.001818s ]
INFO: [ app_end ] --START--
INFO: Run Behavior\ShowPageTraceBehavior [ RunTime:0.002241s ]
INFO: [ app_end ] --END-- [ RunTime:0.002322s ]

[ 2019-02-23T17:19:12+08:00 ] ::1 /selftest/index.php/Home/Index/doRegister.html
INFO: [ app_init ] --START--
INFO: Run Behavior\BuildLiteBehavior [ RunTime:0.000025s ]
INFO: [ app_init ] --END-- [ RunTime:0.001014s ]
INFO: [ app_begin ] --START--
INFO: Run Behavior\ReadHtmlCacheBehavior [ RunTime:0.002032s ]
INFO: [ app_begin ] --END-- [ RunTime:0.002131s ]
INFO: [ app_end ] --START--
INFO: Run Behavior\ShowPageTraceBehavior [ RunTime:0.003972s ]
INFO: [ app_end ] --END-- [ RunTime:0.004078s ]

[ 2019-02-23T17:20:06+08:00 ] ::1 /selftest/index.php/Home/Index/register.html
INFO: [ app_init ] --START--
INFO: Run Behavior\BuildLiteBehavior [ RunTime:0.000019s ]
INFO: [ app_init ] --END-- [ RunTime:0.001144s ]
INFO: [ app_begin ] --START--
INFO: Run Behavior\ReadHtmlCacheBehavior [ RunTime:0.001771s ]
INFO: [ app_begin ] --END-- [ RunTime:0.001857s ]
INFO: [ view_parse ] --START--
INFO: [ template_filter ] --START--
INFO: Run Behavior\ContentReplaceBehavior [ RunTime:0.000049s ]
INFO: [ template_filter ] --END-- [ RunTime:0.000128s ]
INFO: Run Behavior\ParseTemplateBehavior [ RunTime:0.018373s ]
INFO: [ view_parse ] --END-- [ RunTime:0.018491s ]
INFO: [ view_filter ] --START--
INFO: Run Behavior\WriteHtmlCacheBehavior [ RunTime:0.001787s ]
INFO: [ view_filter ] --END-- [ RunTime:0.001853s ]
INFO: [ app_end ] --START--
INFO: Run Behavior\ShowPageTraceBehavior [ RunTime:0.001848s ]
INFO: [ app_end ] --END-- [ RunTime:0.001917s ]

[ 2019-02-23T17:20:07+08:00 ] ::1 /selftest/index.php/Home/Index/doRegister.html
INFO: [ app_init ] --START--
INFO: Run Behavior\BuildLiteBehavior [ RunTime:0.000020s ]
INFO: [ app_init ] --END-- [ RunTime:0.001129s ]
INFO: [ app_begin ] --START--
INFO: Run Behavior\ReadHtmlCacheBehavior [ RunTime:0.001955s ]
INFO: [ app_begin ] --END-- [ RunTime:0.002056s ]
INFO: [ app_end ] --START--
INFO: Run Behavior\ShowPageTraceBehavior [ RunTime:0.002325s ]
INFO: [ app_end ] --END-- [ RunTime:0.002433s ]

[ 2019-02-23T17:31:22+08:00 ] ::1 /selftest/index.php/Home/Index/doRegister.html
INFO: [ app_init ] --START--
INFO: Run Behavior\BuildLiteBehavior [ RunTime:0.000037s ]
INFO: [ app_init ] --END-- [ RunTime:0.002561s ]
INFO: [ app_begin ] --START--
INFO: Run Behavior\ReadHtmlCacheBehavior [ RunTime:0.004982s ]
INFO: [ app_begin ] --END-- [ RunTime:0.005423s ]
ERR: 1146:Table 'selftest.st_st_user' doesn't exist
 [ SQL语句 ] : SHOW COLUMNS FROM `st_st_user`
ERR: 1146:Table 'selftest.st_st_user' doesn't exist
 [ SQL语句 ] : SHOW COLUMNS FROM `st_st_user`

[ 2019-02-23T17:31:45+08:00 ] ::1 /selftest/index.php/Home/Index/doRegister.html
INFO: [ app_init ] --START--
INFO: Run Behavior\BuildLiteBehavior [ RunTime:0.000033s ]
INFO: [ app_init ] --END-- [ RunTime:0.002613s ]
INFO: [ app_begin ] --START--
INFO: Run Behavior\ReadHtmlCacheBehavior [ RunTime:0.008470s ]
INFO: [ app_begin ] --END-- [ RunTime:0.009130s ]
SQL: SHOW COLUMNS FROM `st_user` [ RunTime:0.0454s ]
SQL: INSERT INTO `st_user` (`id`,`username`,`password`) VALUES ('1525111025','fang','e10adc3949ba59abbe56e057f20f883e') [ RunTime:0.0303s ]

[ 2019-02-23T17:31:45+08:00 ] ::1 /selftest/index.php/Home/Index/login.html
INFO: [ app_init ] --START--
INFO: Run Behavior\BuildLiteBehavior [ RunTime:0.000033s ]
INFO: [ app_init ] --END-- [ RunTime:0.002052s ]
INFO: [ app_begin ] --START--
INFO: Run Behavior\ReadHtmlCacheBehavior [ RunTime:0.003871s ]
INFO: [ app_begin ] --END-- [ RunTime:0.004006s ]
INFO: [ view_parse ] --START--
INFO: [ template_filter ] --START--
INFO: Run Behavior\ContentReplaceBehavior [ RunTime:0.000119s ]
INFO: [ template_filter ] --END-- [ RunTime:0.000291s ]
INFO: Run Behavior\ParseTemplateBehavior [ RunTime:0.042500s ]
INFO: [ view_parse ] --END-- [ RunTime:0.042894s ]
INFO: [ view_filter ] --START--
INFO: Run Behavior\WriteHtmlCacheBehavior [ RunTime:0.003874s ]
INFO: [ view_filter ] --END-- [ RunTime:0.004018s ]
INFO: [ app_end ] --START--
INFO: Run Behavior\ShowPageTraceBehavior [ RunTime:0.003702s ]
INFO: [ app_end ] --END-- [ RunTime:0.003836s ]

