[ 2019-03-13T21:49:56+08:00 ] ::1 /selftest/Public/Adminstyle/css/bootstrap.min.css
INFO: [ app_init ] --START--
INFO: Run Behavior\BuildLiteBehavior [ RunTime:0.000022s ]
INFO: [ app_init ] --END-- [ RunTime:0.001210s ]
ERR: 无法加载模块:Public

[ 2019-03-13T21:49:56+08:00 ] ::1 /selftest/Public/Adminstyle/css/ace-responsive.min.css
INFO: [ app_init ] --START--
INFO: Run Behavior\BuildLiteBehavior [ RunTime:0.000020s ]
INFO: [ app_init ] --END-- [ RunTime:0.001299s ]
ERR: 无法加载模块:Public

[ 2019-03-13T21:49:56+08:00 ] ::1 /selftest/Public/Adminstyle/css/font-awesome.min.css
INFO: [ app_init ] --START--
INFO: Run Behavior\BuildLiteBehavior [ RunTime:0.000031s ]
INFO: [ app_init ] --END-- [ RunTime:0.017924s ]
ERR: 无法加载模块:Public

[ 2019-03-13T21:49:56+08:00 ] ::1 /selftest/Public/Adminstyle/css/ace-fonts.css
INFO: [ app_init ] --START--
INFO: Run Behavior\BuildLiteBehavior [ RunTime:0.000027s ]
INFO: [ app_init ] --END-- [ RunTime:0.001420s ]
ERR: 无法加载模块:Public

[ 2019-03-13T21:49:56+08:00 ] ::1 /selftest/Public/Adminstyle/css/bootstrap-responsive.min.css
INFO: [ app_init ] --START--
INFO: Run Behavior\BuildLiteBehavior [ RunTime:0.000028s ]
INFO: [ app_init ] --END-- [ RunTime:0.003435s ]
ERR: 无法加载模块:Public

[ 2019-03-13T21:49:56+08:00 ] ::1 /selftest/Public/Adminstyle/css/ace-skins.min.css
INFO: [ app_init ] --START--
INFO: Run Behavior\BuildLiteBehavior [ RunTime:0.000114s ]
INFO: [ app_init ] --END-- [ RunTime:0.002650s ]
ERR: 无法加载模块:Public

[ 2019-03-13T21:49:56+08:00 ] ::1 /selftest/Public/Adminstyle/css/ace.min.css
INFO: [ app_init ] --START--
INFO: Run Behavior\BuildLiteBehavior [ RunTime:0.000022s ]
INFO: [ app_init ] --END-- [ RunTime:0.001406s ]
ERR: 无法加载模块:Public

