[ 2019-03-03T11:07:02+08:00 ] ::1 /selftest/__IMAGE__/bg0.jpg
INFO: [ app_init ] --START--
INFO: Run Behavior\BuildLiteBehavior [ RunTime:0.000057s ]
INFO: [ app_init ] --END-- [ RunTime:0.004952s ]

[ 2019-03-03T11:07:13+08:00 ] ::1 /selftest/__IMAGE__/bg0.jpg
INFO: [ app_init ] --START--
INFO: Run Behavior\BuildLiteBehavior [ RunTime:0.000056s ]
INFO: [ app_init ] --END-- [ RunTime:0.007908s ]

[ 2019-03-03T11:45:56+08:00 ] ::1 /selftest/Public/image/bg1.png
INFO: [ app_init ] --START--
INFO: Run Behavior\BuildLiteBehavior [ RunTime:0.000056s ]
INFO: [ app_init ] --END-- [ RunTime:0.018312s ]

[ 2019-03-03T12:22:59+08:00 ] ::1 /selftest/Public/image/bg0.png
INFO: [ app_init ] --START--
INFO: Run Behavior\BuildLiteBehavior [ RunTime:0.000052s ]
INFO: [ app_init ] --END-- [ RunTime:0.007921s ]

[ 2019-03-03T12:23:07+08:00 ] ::1 /selftest/Public/image/bg0.png
INFO: [ app_init ] --START--
INFO: Run Behavior\BuildLiteBehavior [ RunTime:0.000048s ]
INFO: [ app_init ] --END-- [ RunTime:0.002562s ]

