[ 2019-03-17T11:04:12+08:00 ] ::1 /selftest/Public/css/bootstrap-responsive.min.css
INFO: [ app_init ] --START--
INFO: Run Behavior\BuildLiteBehavior [ RunTime:0.000021s ]
INFO: [ app_init ] --END-- [ RunTime:0.001188s ]
ERR: 无法加载模块:Public

[ 2019-03-17T11:04:12+08:00 ] ::1 /selftest/Public/js/jquery-2.0.3.min.js
INFO: [ app_init ] --START--
INFO: Run Behavior\BuildLiteBehavior [ RunTime:0.000022s ]
INFO: [ app_init ] --END-- [ RunTime:0.001399s ]
ERR: 无法加载模块:Public

[ 2019-03-17T11:04:12+08:00 ] ::1 /selftest/Public/css/font-awesome.min.css
INFO: [ app_init ] --START--
INFO: Run Behavior\BuildLiteBehavior [ RunTime:0.000030s ]
INFO: [ app_init ] --END-- [ RunTime:0.003110s ]
ERR: 无法加载模块:Public

[ 2019-03-17T11:04:12+08:00 ] ::1 /selftest/__IMAGE__/bg0.png
INFO: [ app_init ] --START--
INFO: Run Behavior\BuildLiteBehavior [ RunTime:0.000224s ]
INFO: [ app_init ] --END-- [ RunTime:0.003201s ]

[ 2019-03-17T11:04:15+08:00 ] ::1 /selftest/Public/css/font-awesome.min.css
INFO: [ app_init ] --START--
INFO: Run Behavior\BuildLiteBehavior [ RunTime:0.000022s ]
INFO: [ app_init ] --END-- [ RunTime:0.001149s ]
ERR: 无法加载模块:Public

[ 2019-03-17T11:04:15+08:00 ] ::1 /selftest/Public/css/bootstrap-responsive.min.css
INFO: [ app_init ] --START--
INFO: Run Behavior\BuildLiteBehavior [ RunTime:0.000023s ]
INFO: [ app_init ] --END-- [ RunTime:0.001153s ]
ERR: 无法加载模块:Public

[ 2019-03-17T11:04:15+08:00 ] ::1 /selftest/Public/js/jquery-2.0.3.min.js
INFO: [ app_init ] --START--
INFO: Run Behavior\BuildLiteBehavior [ RunTime:0.000022s ]
INFO: [ app_init ] --END-- [ RunTime:0.001100s ]
ERR: 无法加载模块:Public

[ 2019-03-17T11:04:15+08:00 ] ::1 /selftest/__IMAGE__/bg0.png
INFO: [ app_init ] --START--
INFO: Run Behavior\BuildLiteBehavior [ RunTime:0.000022s ]
INFO: [ app_init ] --END-- [ RunTime:0.001202s ]

[ 2019-03-17T11:04:16+08:00 ] ::1 /selftest/Public/css/bootstrap-responsive.min.css
INFO: [ app_init ] --START--
INFO: Run Behavior\BuildLiteBehavior [ RunTime:0.000023s ]
INFO: [ app_init ] --END-- [ RunTime:0.001762s ]
ERR: 无法加载模块:Public

[ 2019-03-17T11:04:16+08:00 ] ::1 /selftest/Public/js/jquery-2.0.3.min.js
INFO: [ app_init ] --START--
INFO: Run Behavior\BuildLiteBehavior [ RunTime:0.000068s ]
INFO: [ app_init ] --END-- [ RunTime:0.003674s ]
ERR: 无法加载模块:Public

[ 2019-03-17T11:04:16+08:00 ] ::1 /selftest/Public/css/font-awesome.min.css
INFO: [ app_init ] --START--
INFO: Run Behavior\BuildLiteBehavior [ RunTime:0.000023s ]
INFO: [ app_init ] --END-- [ RunTime:0.001767s ]
ERR: 无法加载模块:Public

[ 2019-03-17T11:04:16+08:00 ] ::1 /selftest/__IMAGE__/bg0.png
INFO: [ app_init ] --START--
INFO: Run Behavior\BuildLiteBehavior [ RunTime:0.000023s ]
INFO: [ app_init ] --END-- [ RunTime:0.002700s ]

[ 2019-03-17T11:04:17+08:00 ] ::1 /selftest/Public/js/jquery-2.0.3.min.js
INFO: [ app_init ] --START--
INFO: Run Behavior\BuildLiteBehavior [ RunTime:0.000021s ]
INFO: [ app_init ] --END-- [ RunTime:0.001098s ]
ERR: 无法加载模块:Public

[ 2019-03-17T11:04:17+08:00 ] ::1 /selftest/Public/css/font-awesome.min.css
INFO: [ app_init ] --START--
INFO: Run Behavior\BuildLiteBehavior [ RunTime:0.000024s ]
INFO: [ app_init ] --END-- [ RunTime:0.001149s ]
ERR: 无法加载模块:Public

[ 2019-03-17T11:04:17+08:00 ] ::1 /selftest/Public/css/bootstrap-responsive.min.css
INFO: [ app_init ] --START--
INFO: Run Behavior\BuildLiteBehavior [ RunTime:0.000024s ]
INFO: [ app_init ] --END-- [ RunTime:0.002907s ]
ERR: 无法加载模块:Public

[ 2019-03-17T11:04:17+08:00 ] ::1 /selftest/__IMAGE__/bg0.png
INFO: [ app_init ] --START--
INFO: Run Behavior\BuildLiteBehavior [ RunTime:0.000021s ]
INFO: [ app_init ] --END-- [ RunTime:0.001209s ]

[ 2019-03-17T11:04:17+08:00 ] ::1 /selftest/Public/css/bootstrap-responsive.min.css
INFO: [ app_init ] --START--
INFO: Run Behavior\BuildLiteBehavior [ RunTime:0.000021s ]
INFO: [ app_init ] --END-- [ RunTime:0.001171s ]
ERR: 无法加载模块:Public

[ 2019-03-17T11:04:17+08:00 ] ::1 /selftest/Public/css/font-awesome.min.css
INFO: [ app_init ] --START--
INFO: Run Behavior\BuildLiteBehavior [ RunTime:0.000022s ]
INFO: [ app_init ] --END-- [ RunTime:0.001281s ]
ERR: 无法加载模块:Public

[ 2019-03-17T11:04:17+08:00 ] ::1 /selftest/Public/js/jquery-2.0.3.min.js
INFO: [ app_init ] --START--
INFO: Run Behavior\BuildLiteBehavior [ RunTime:0.000019s ]
INFO: [ app_init ] --END-- [ RunTime:0.000976s ]
ERR: 无法加载模块:Public

[ 2019-03-17T11:04:17+08:00 ] ::1 /selftest/__IMAGE__/bg0.png
INFO: [ app_init ] --START--
INFO: Run Behavior\BuildLiteBehavior [ RunTime:0.000030s ]
INFO: [ app_init ] --END-- [ RunTime:0.001762s ]

[ 2019-03-17T11:04:36+08:00 ] ::1 /selftest/Public/css/font-awesome.min.css
INFO: [ app_init ] --START--
INFO: Run Behavior\BuildLiteBehavior [ RunTime:0.000021s ]
INFO: [ app_init ] --END-- [ RunTime:0.001220s ]
ERR: 无法加载模块:Public

[ 2019-03-17T11:04:36+08:00 ] ::1 /selftest/Public/css/bootstrap-responsive.min.css
INFO: [ app_init ] --START--
INFO: Run Behavior\BuildLiteBehavior [ RunTime:0.000015s ]
INFO: [ app_init ] --END-- [ RunTime:0.001497s ]
ERR: 无法加载模块:Public

[ 2019-03-17T11:04:44+08:00 ] ::1 /selftest/Public/css/bootstrap-responsive.min.css
INFO: [ app_init ] --START--
INFO: Run Behavior\BuildLiteBehavior [ RunTime:0.000023s ]
INFO: [ app_init ] --END-- [ RunTime:0.002165s ]
ERR: 无法加载模块:Public

[ 2019-03-17T11:05:57+08:00 ] ::1 /selftest/Public/js/jquery-2.0.3.min.js
INFO: [ app_init ] --START--
INFO: Run Behavior\BuildLiteBehavior [ RunTime:0.000023s ]
INFO: [ app_init ] --END-- [ RunTime:0.001295s ]
ERR: 无法加载模块:Public

[ 2019-03-17T11:05:58+08:00 ] ::1 /selftest/__IMAGE__/bg0.png
INFO: [ app_init ] --START--
INFO: Run Behavior\BuildLiteBehavior [ RunTime:0.000029s ]
INFO: [ app_init ] --END-- [ RunTime:0.002441s ]

[ 2019-03-17T11:06:35+08:00 ] ::1 /selftest/Public/css/bootstrap-responsive.min.css
INFO: [ app_init ] --START--
INFO: Run Behavior\BuildLiteBehavior [ RunTime:0.000073s ]
INFO: [ app_init ] --END-- [ RunTime:0.001168s ]
ERR: 无法加载模块:Public

[ 2019-03-17T11:06:35+08:00 ] ::1 /selftest/Public/js/jquery-2.0.3.min.js
INFO: [ app_init ] --START--
INFO: Run Behavior\BuildLiteBehavior [ RunTime:0.000030s ]
INFO: [ app_init ] --END-- [ RunTime:0.001533s ]
ERR: 无法加载模块:Public

[ 2019-03-17T11:06:35+08:00 ] ::1 /selftest/__IMAGE__/logo3.png
INFO: [ app_init ] --START--
INFO: Run Behavior\BuildLiteBehavior [ RunTime:0.000028s ]
INFO: [ app_init ] --END-- [ RunTime:0.001303s ]

[ 2019-03-17T11:06:35+08:00 ] ::1 /selftest/Public/css/font-awesome.min.css
INFO: [ app_init ] --START--
INFO: Run Behavior\BuildLiteBehavior [ RunTime:0.000028s ]
INFO: [ app_init ] --END-- [ RunTime:0.004382s ]
ERR: 无法加载模块:Public

[ 2019-03-17T11:06:35+08:00 ] ::1 /selftest/__IMAGE__/bg0.png
INFO: [ app_init ] --START--
INFO: Run Behavior\BuildLiteBehavior [ RunTime:0.000022s ]
INFO: [ app_init ] --END-- [ RunTime:0.001065s ]

[ 2019-03-17T11:08:52+08:00 ] ::1 /selftest/Public/css/font-awesome.min.css
INFO: [ app_init ] --START--
INFO: Run Behavior\BuildLiteBehavior [ RunTime:0.000030s ]
INFO: [ app_init ] --END-- [ RunTime:0.003105s ]
ERR: 无法加载模块:Public

[ 2019-03-17T11:08:52+08:00 ] ::1 /selftest/Public/css/bootstrap-responsive.min.css
INFO: [ app_init ] --START--
INFO: Run Behavior\BuildLiteBehavior [ RunTime:0.000023s ]
INFO: [ app_init ] --END-- [ RunTime:0.014541s ]
ERR: 无法加载模块:Public

[ 2019-03-17T11:08:52+08:00 ] ::1 /selftest/Public/js/jquery-2.0.3.min.js
INFO: [ app_init ] --START--
INFO: Run Behavior\BuildLiteBehavior [ RunTime:0.000022s ]
INFO: [ app_init ] --END-- [ RunTime:0.001595s ]
ERR: 无法加载模块:Public

[ 2019-03-17T11:08:52+08:00 ] ::1 /selftest/__IMAGE__/bg0.png
INFO: [ app_init ] --START--
INFO: Run Behavior\BuildLiteBehavior [ RunTime:0.000026s ]
INFO: [ app_init ] --END-- [ RunTime:0.001485s ]

[ 2019-03-17T11:09:04+08:00 ] ::1 /selftest/Public/css/font-awesome.min.css
INFO: [ app_init ] --START--
INFO: Run Behavior\BuildLiteBehavior [ RunTime:0.000022s ]
INFO: [ app_init ] --END-- [ RunTime:0.001280s ]
ERR: 无法加载模块:Public

[ 2019-03-17T11:09:04+08:00 ] ::1 /selftest/Public/css/bootstrap-responsive.min.css
INFO: [ app_init ] --START--
INFO: Run Behavior\BuildLiteBehavior [ RunTime:0.000023s ]
INFO: [ app_init ] --END-- [ RunTime:0.001182s ]
ERR: 无法加载模块:Public

[ 2019-03-17T11:09:22+08:00 ] ::1 /selftest/Public/css/bootstrap-responsive.min.css
INFO: [ app_init ] --START--
INFO: Run Behavior\BuildLiteBehavior [ RunTime:0.000041s ]
INFO: [ app_init ] --END-- [ RunTime:0.001301s ]
ERR: 无法加载模块:Public

[ 2019-03-17T11:09:22+08:00 ] ::1 /selftest/Public/css/font-awesome.min.css
INFO: [ app_init ] --START--
INFO: Run Behavior\BuildLiteBehavior [ RunTime:0.000025s ]
INFO: [ app_init ] --END-- [ RunTime:0.001752s ]
ERR: 无法加载模块:Public

[ 2019-03-17T11:09:22+08:00 ] ::1 /selftest/__IMAGE__/logo3.png
INFO: [ app_init ] --START--
INFO: Run Behavior\BuildLiteBehavior [ RunTime:0.000064s ]
INFO: [ app_init ] --END-- [ RunTime:0.002848s ]

[ 2019-03-17T11:09:22+08:00 ] ::1 /selftest/Public/js/jquery-2.0.3.min.js
INFO: [ app_init ] --START--
INFO: Run Behavior\BuildLiteBehavior [ RunTime:0.000083s ]
INFO: [ app_init ] --END-- [ RunTime:0.002964s ]
ERR: 无法加载模块:Public

[ 2019-03-17T11:09:23+08:00 ] ::1 /selftest/__IMAGE__/bg0.png
INFO: [ app_init ] --START--
INFO: Run Behavior\BuildLiteBehavior [ RunTime:0.000027s ]
INFO: [ app_init ] --END-- [ RunTime:0.001455s ]

[ 2019-03-17T11:10:06+08:00 ] ::1 /selftest/Public/js/jquery-2.0.3.min.js
INFO: [ app_init ] --START--
INFO: Run Behavior\BuildLiteBehavior [ RunTime:0.000027s ]
INFO: [ app_init ] --END-- [ RunTime:0.001355s ]
ERR: 无法加载模块:Public

[ 2019-03-17T11:10:06+08:00 ] ::1 /selftest/Public/css/bootstrap-responsive.min.css
INFO: [ app_init ] --START--
INFO: Run Behavior\BuildLiteBehavior [ RunTime:0.000026s ]
INFO: [ app_init ] --END-- [ RunTime:0.001402s ]
ERR: 无法加载模块:Public

[ 2019-03-17T11:10:06+08:00 ] ::1 /selftest/Public/css/font-awesome.min.css
INFO: [ app_init ] --START--
INFO: Run Behavior\BuildLiteBehavior [ RunTime:0.000025s ]
INFO: [ app_init ] --END-- [ RunTime:0.002303s ]
ERR: 无法加载模块:Public

[ 2019-03-17T11:10:06+08:00 ] ::1 /selftest/__IMAGE__/bg2.png
INFO: [ app_init ] --START--
INFO: Run Behavior\BuildLiteBehavior [ RunTime:0.000025s ]
INFO: [ app_init ] --END-- [ RunTime:0.003413s ]

[ 2019-03-17T11:10:06+08:00 ] ::1 /selftest/__IMAGE__/bg0.png
INFO: [ app_init ] --START--
INFO: Run Behavior\BuildLiteBehavior [ RunTime:0.000022s ]
INFO: [ app_init ] --END-- [ RunTime:0.001091s ]

[ 2019-03-17T11:10:39+08:00 ] ::1 /selftest/Public/js/jquery-2.0.3.min.js
INFO: [ app_init ] --START--
INFO: Run Behavior\BuildLiteBehavior [ RunTime:0.000022s ]
INFO: [ app_init ] --END-- [ RunTime:0.001344s ]
ERR: 无法加载模块:Public

[ 2019-03-17T11:10:39+08:00 ] ::1 /selftest/Public/css/bootstrap-responsive.min.css
INFO: [ app_init ] --START--
INFO: Run Behavior\BuildLiteBehavior [ RunTime:0.000026s ]
INFO: [ app_init ] --END-- [ RunTime:0.001062s ]
ERR: 无法加载模块:Public

[ 2019-03-17T11:10:39+08:00 ] ::1 /selftest/Public/css/font-awesome.min.css
INFO: [ app_init ] --START--
INFO: Run Behavior\BuildLiteBehavior [ RunTime:0.000029s ]
INFO: [ app_init ] --END-- [ RunTime:0.001270s ]
ERR: 无法加载模块:Public

[ 2019-03-17T11:10:39+08:00 ] ::1 /selftest/Public/images/bg2.png
INFO: [ app_init ] --START--
INFO: Run Behavior\BuildLiteBehavior [ RunTime:0.000020s ]
INFO: [ app_init ] --END-- [ RunTime:0.001053s ]

[ 2019-03-17T11:10:47+08:00 ] ::1 /selftest/Public/css/font-awesome.min.css
INFO: [ app_init ] --START--
INFO: Run Behavior\BuildLiteBehavior [ RunTime:0.000014s ]
INFO: [ app_init ] --END-- [ RunTime:0.000756s ]
ERR: 无法加载模块:Public

[ 2019-03-17T11:10:47+08:00 ] ::1 /selftest/Public/css/bootstrap-responsive.min.css
INFO: [ app_init ] --START--
INFO: Run Behavior\BuildLiteBehavior [ RunTime:0.000028s ]
INFO: [ app_init ] --END-- [ RunTime:0.001048s ]
ERR: 无法加载模块:Public

[ 2019-03-17T11:11:01+08:00 ] ::1 /selftest/Public/css/bootstrap-responsive.min.css
INFO: [ app_init ] --START--
INFO: Run Behavior\BuildLiteBehavior [ RunTime:0.000022s ]
INFO: [ app_init ] --END-- [ RunTime:0.001155s ]
ERR: 无法加载模块:Public

[ 2019-03-17T11:11:01+08:00 ] ::1 /selftest/Public/js/jquery-2.0.3.min.js
INFO: [ app_init ] --START--
INFO: Run Behavior\BuildLiteBehavior [ RunTime:0.000037s ]
INFO: [ app_init ] --END-- [ RunTime:0.001567s ]
ERR: 无法加载模块:Public

[ 2019-03-17T11:11:01+08:00 ] ::1 /selftest/Public/images/bg2.png
INFO: [ app_init ] --START--
INFO: Run Behavior\BuildLiteBehavior [ RunTime:0.000037s ]
INFO: [ app_init ] --END-- [ RunTime:0.026747s ]

[ 2019-03-17T11:11:01+08:00 ] ::1 /selftest/Public/css/font-awesome.min.css
INFO: [ app_init ] --START--
INFO: Run Behavior\BuildLiteBehavior [ RunTime:0.000024s ]
INFO: [ app_init ] --END-- [ RunTime:0.001996s ]
ERR: 无法加载模块:Public

[ 2019-03-17T11:11:15+08:00 ] ::1 /selftest/Public/css/bootstrap-responsive.min.css
INFO: [ app_init ] --START--
INFO: Run Behavior\BuildLiteBehavior [ RunTime:0.000028s ]
INFO: [ app_init ] --END-- [ RunTime:0.001059s ]
ERR: 无法加载模块:Public

[ 2019-03-17T11:11:15+08:00 ] ::1 /selftest/Public/js/jquery-2.0.3.min.js
INFO: [ app_init ] --START--
INFO: Run Behavior\BuildLiteBehavior [ RunTime:0.000021s ]
INFO: [ app_init ] --END-- [ RunTime:0.004590s ]
ERR: 无法加载模块:Public

[ 2019-03-17T11:11:15+08:00 ] ::1 /selftest/Public/css/font-awesome.min.css
INFO: [ app_init ] --START--
INFO: Run Behavior\BuildLiteBehavior [ RunTime:0.000027s ]
INFO: [ app_init ] --END-- [ RunTime:0.003678s ]
ERR: 无法加载模块:Public

[ 2019-03-17T11:12:42+08:00 ] ::1 /selftest/Public/css/font-awesome.min.css
INFO: [ app_init ] --START--
INFO: Run Behavior\BuildLiteBehavior [ RunTime:0.000017s ]
INFO: [ app_init ] --END-- [ RunTime:0.001252s ]
ERR: 无法加载模块:Public

[ 2019-03-17T11:12:42+08:00 ] ::1 /selftest/Public/css/bootstrap-responsive.min.css
INFO: [ app_init ] --START--
INFO: Run Behavior\BuildLiteBehavior [ RunTime:0.000022s ]
INFO: [ app_init ] --END-- [ RunTime:0.001147s ]
ERR: 无法加载模块:Public

[ 2019-03-17T11:13:20+08:00 ] ::1 /selftest/Public/css/bootstrap-responsive.min.css
INFO: [ app_init ] --START--
INFO: Run Behavior\BuildLiteBehavior [ RunTime:0.000032s ]
INFO: [ app_init ] --END-- [ RunTime:0.001581s ]
ERR: 无法加载模块:Public

[ 2019-03-17T11:13:20+08:00 ] ::1 /selftest/Public/js/jquery-2.0.3.min.js
INFO: [ app_init ] --START--
INFO: Run Behavior\BuildLiteBehavior [ RunTime:0.000022s ]
INFO: [ app_init ] --END-- [ RunTime:0.001392s ]
ERR: 无法加载模块:Public

[ 2019-03-17T11:13:20+08:00 ] ::1 /selftest/Public/css/font-awesome.min.css
INFO: [ app_init ] --START--
INFO: Run Behavior\BuildLiteBehavior [ RunTime:0.000026s ]
INFO: [ app_init ] --END-- [ RunTime:0.011266s ]
ERR: 无法加载模块:Public

[ 2019-03-17T11:15:46+08:00 ] ::1 /selftest/Public/Adminstyle/sucai/sucai.global.js
INFO: [ app_init ] --START--
INFO: Run Behavior\BuildLiteBehavior [ RunTime:0.000012s ]
INFO: [ app_init ] --END-- [ RunTime:0.000695s ]
ERR: 无法加载模块:Public

[ 2019-03-17T11:15:47+08:00 ] ::1 /selftest/Public/Adminstyle/sucai/sucai.global.js
INFO: [ app_init ] --START--
INFO: Run Behavior\BuildLiteBehavior [ RunTime:0.000015s ]
INFO: [ app_init ] --END-- [ RunTime:0.000834s ]
ERR: 无法加载模块:Public

[ 2019-03-17T11:20:28+08:00 ] ::1 /selftest/Public/Adminstyle/sucai/sucai.global.js
INFO: [ app_init ] --START--
INFO: Run Behavior\BuildLiteBehavior [ RunTime:0.000027s ]
INFO: [ app_init ] --END-- [ RunTime:0.001743s ]
ERR: 无法加载模块:Public

[ 2019-03-17T11:20:28+08:00 ] ::1 /selftest/Public/Adminstyle/sucai/sucai.global.js
INFO: [ app_init ] --START--
INFO: Run Behavior\BuildLiteBehavior [ RunTime:0.000016s ]
INFO: [ app_init ] --END-- [ RunTime:0.000802s ]
ERR: 无法加载模块:Public

[ 2019-03-17T11:21:59+08:00 ] ::1 /selftest/Public/Adminstyle/sucai/sucai.global.js
INFO: [ app_init ] --START--
INFO: Run Behavior\BuildLiteBehavior [ RunTime:0.000024s ]
INFO: [ app_init ] --END-- [ RunTime:0.001413s ]
ERR: 无法加载模块:Public

[ 2019-03-17T11:21:59+08:00 ] ::1 /selftest/Public/Adminstyle/sucai/sucai.global.js
INFO: [ app_init ] --START--
INFO: Run Behavior\BuildLiteBehavior [ RunTime:0.000024s ]
INFO: [ app_init ] --END-- [ RunTime:0.001298s ]
ERR: 无法加载模块:Public

[ 2019-03-17T11:22:16+08:00 ] ::1 /selftest/Public/Adminstyle/sucai/sucai.global.js
INFO: [ app_init ] --START--
INFO: Run Behavior\BuildLiteBehavior [ RunTime:0.000022s ]
INFO: [ app_init ] --END-- [ RunTime:0.001221s ]
ERR: 无法加载模块:Public

[ 2019-03-17T11:22:16+08:00 ] ::1 /selftest/Public/Adminstyle/sucai/sucai.global.js
INFO: [ app_init ] --START--
INFO: Run Behavior\BuildLiteBehavior [ RunTime:0.000024s ]
INFO: [ app_init ] --END-- [ RunTime:0.001195s ]
ERR: 无法加载模块:Public

[ 2019-03-17T11:22:16+08:00 ] ::1 /selftest/Public/Adminstyle/sucai/sucai.global.js
INFO: [ app_init ] --START--
INFO: Run Behavior\BuildLiteBehavior [ RunTime:0.000027s ]
INFO: [ app_init ] --END-- [ RunTime:0.001464s ]
ERR: 无法加载模块:Public

[ 2019-03-17T11:22:16+08:00 ] ::1 /selftest/Public/Adminstyle/sucai/sucai.global.js
INFO: [ app_init ] --START--
INFO: Run Behavior\BuildLiteBehavior [ RunTime:0.000018s ]
INFO: [ app_init ] --END-- [ RunTime:0.001835s ]
ERR: 无法加载模块:Public

[ 2019-03-17T11:22:21+08:00 ] ::1 /selftest/Public/Adminstyle/sucai/sucai.global.js
INFO: [ app_init ] --START--
INFO: Run Behavior\BuildLiteBehavior [ RunTime:0.000024s ]
INFO: [ app_init ] --END-- [ RunTime:0.001360s ]
ERR: 无法加载模块:Public

[ 2019-03-17T11:22:21+08:00 ] ::1 /selftest/Public/Adminstyle/sucai/sucai.global.js
INFO: [ app_init ] --START--
INFO: Run Behavior\BuildLiteBehavior [ RunTime:0.000020s ]
INFO: [ app_init ] --END-- [ RunTime:0.001082s ]
ERR: 无法加载模块:Public

[ 2019-03-17T11:22:21+08:00 ] ::1 /selftest/Public/Adminstyle/sucai/sucai.global.js
INFO: [ app_init ] --START--
INFO: Run Behavior\BuildLiteBehavior [ RunTime:0.000016s ]
INFO: [ app_init ] --END-- [ RunTime:0.000956s ]
ERR: 无法加载模块:Public

[ 2019-03-17T11:22:21+08:00 ] ::1 /selftest/Public/Adminstyle/sucai/sucai.global.js
INFO: [ app_init ] --START--
INFO: Run Behavior\BuildLiteBehavior [ RunTime:0.000019s ]
INFO: [ app_init ] --END-- [ RunTime:0.001005s ]
ERR: 无法加载模块:Public

[ 2019-03-17T11:23:10+08:00 ] ::1 /selftest/Public/Adminstyle/sucai/sucai.global.js
INFO: [ app_init ] --START--
INFO: Run Behavior\BuildLiteBehavior [ RunTime:0.000023s ]
INFO: [ app_init ] --END-- [ RunTime:0.001310s ]
ERR: 无法加载模块:Public

[ 2019-03-17T11:23:11+08:00 ] ::1 /selftest/Public/Adminstyle/sucai/sucai.global.js
INFO: [ app_init ] --START--
INFO: Run Behavior\BuildLiteBehavior [ RunTime:0.000026s ]
INFO: [ app_init ] --END-- [ RunTime:0.003807s ]
ERR: 无法加载模块:Public

[ 2019-03-17T11:23:11+08:00 ] ::1 /selftest/Public/Adminstyle/sucai/sucai.global.js
INFO: [ app_init ] --START--
INFO: Run Behavior\BuildLiteBehavior [ RunTime:0.000015s ]
INFO: [ app_init ] --END-- [ RunTime:0.000799s ]
ERR: 无法加载模块:Public

[ 2019-03-17T11:23:11+08:00 ] ::1 /selftest/Public/Adminstyle/sucai/sucai.global.js
INFO: [ app_init ] --START--
INFO: Run Behavior\BuildLiteBehavior [ RunTime:0.000029s ]
INFO: [ app_init ] --END-- [ RunTime:0.000756s ]
ERR: 无法加载模块:Public

[ 2019-03-17T11:23:16+08:00 ] ::1 /selftest/Public/Adminstyle/sucai/sucai.global.js
INFO: [ app_init ] --START--
INFO: Run Behavior\BuildLiteBehavior [ RunTime:0.000021s ]
INFO: [ app_init ] --END-- [ RunTime:0.001307s ]
ERR: 无法加载模块:Public

[ 2019-03-17T11:23:16+08:00 ] ::1 /selftest/Public/Adminstyle/sucai/sucai.global.js
INFO: [ app_init ] --START--
INFO: Run Behavior\BuildLiteBehavior [ RunTime:0.000019s ]
INFO: [ app_init ] --END-- [ RunTime:0.002147s ]
ERR: 无法加载模块:Public

[ 2019-03-17T11:23:16+08:00 ] ::1 /selftest/Public/Adminstyle/sucai/sucai.global.js
INFO: [ app_init ] --START--
INFO: Run Behavior\BuildLiteBehavior [ RunTime:0.000013s ]
INFO: [ app_init ] --END-- [ RunTime:0.000664s ]
ERR: 无法加载模块:Public

[ 2019-03-17T11:23:16+08:00 ] ::1 /selftest/Public/Adminstyle/sucai/sucai.global.js
INFO: [ app_init ] --START--
INFO: Run Behavior\BuildLiteBehavior [ RunTime:0.000054s ]
INFO: [ app_init ] --END-- [ RunTime:0.001356s ]
ERR: 无法加载模块:Public

[ 2019-03-17T11:24:18+08:00 ] ::1 /selftest/Public/Adminstyle/sucai/sucai.global.js
INFO: [ app_init ] --START--
INFO: Run Behavior\BuildLiteBehavior [ RunTime:0.000024s ]
INFO: [ app_init ] --END-- [ RunTime:0.010204s ]
ERR: 无法加载模块:Public

[ 2019-03-17T11:24:18+08:00 ] ::1 /selftest/Public/Adminstyle/sucai/sucai.global.js
INFO: [ app_init ] --START--
INFO: Run Behavior\BuildLiteBehavior [ RunTime:0.000020s ]
INFO: [ app_init ] --END-- [ RunTime:0.001125s ]
ERR: 无法加载模块:Public

[ 2019-03-17T11:24:19+08:00 ] ::1 /selftest/Public/Adminstyle/sucai/sucai.global.js
INFO: [ app_init ] --START--
INFO: Run Behavior\BuildLiteBehavior [ RunTime:0.000015s ]
INFO: [ app_init ] --END-- [ RunTime:0.000758s ]
ERR: 无法加载模块:Public

[ 2019-03-17T11:25:44+08:00 ] ::1 /selftest/Public/Adminstyle/sucai/sucai.global.js
INFO: [ app_init ] --START--
INFO: Run Behavior\BuildLiteBehavior [ RunTime:0.000021s ]
INFO: [ app_init ] --END-- [ RunTime:0.001125s ]
ERR: 无法加载模块:Public

[ 2019-03-17T11:25:45+08:00 ] ::1 /selftest/Public/Adminstyle/sucai/sucai.global.js
INFO: [ app_init ] --START--
INFO: Run Behavior\BuildLiteBehavior [ RunTime:0.000023s ]
INFO: [ app_init ] --END-- [ RunTime:0.001265s ]
ERR: 无法加载模块:Public

[ 2019-03-17T11:25:45+08:00 ] ::1 /selftest/Public/Adminstyle/sucai/sucai.global.js
INFO: [ app_init ] --START--
INFO: Run Behavior\BuildLiteBehavior [ RunTime:0.000014s ]
INFO: [ app_init ] --END-- [ RunTime:0.000714s ]
ERR: 无法加载模块:Public

[ 2019-03-17T11:26:12+08:00 ] ::1 /selftest/Public/Adminstyle/sucai/sucai.global.js
INFO: [ app_init ] --START--
INFO: Run Behavior\BuildLiteBehavior [ RunTime:0.000024s ]
INFO: [ app_init ] --END-- [ RunTime:0.001469s ]
ERR: 无法加载模块:Public

[ 2019-03-17T11:26:13+08:00 ] ::1 /selftest/Public/Adminstyle/sucai/sucai.global.js
INFO: [ app_init ] --START--
INFO: Run Behavior\BuildLiteBehavior [ RunTime:0.000022s ]
INFO: [ app_init ] --END-- [ RunTime:0.001286s ]
ERR: 无法加载模块:Public

[ 2019-03-17T11:26:13+08:00 ] ::1 /selftest/Public/Adminstyle/sucai/sucai.global.js
INFO: [ app_init ] --START--
INFO: Run Behavior\BuildLiteBehavior [ RunTime:0.000027s ]
INFO: [ app_init ] --END-- [ RunTime:0.001251s ]
ERR: 无法加载模块:Public

[ 2019-03-17T11:26:14+08:00 ] ::1 /selftest/Public/Adminstyle/sucai/sucai.global.js
INFO: [ app_init ] --START--
INFO: Run Behavior\BuildLiteBehavior [ RunTime:0.000015s ]
INFO: [ app_init ] --END-- [ RunTime:0.001026s ]
ERR: 无法加载模块:Public

