[ 2019-04-10T21:24:18+08:00 ] ::1 /selftest/Public/js/bootstrap.min.js.map
INFO: [ app_init ] --START--
INFO: Run Behavior\BuildLiteBehavior [ RunTime:0.000050s ]
INFO: [ app_init ] --END-- [ RunTime:0.002051s ]
ERR: 无法加载模块:Public

[ 2019-04-10T21:24:22+08:00 ] ::1 /selftest/Public/js/bootstrap.min.js.map
INFO: [ app_init ] --START--
INFO: Run Behavior\BuildLiteBehavior [ RunTime:0.000030s ]
INFO: [ app_init ] --END-- [ RunTime:0.001925s ]
ERR: 无法加载模块:Public

[ 2019-04-10T21:24:28+08:00 ] ::1 /selftest/Public/js/bootstrap.min.js.map
INFO: [ app_init ] --START--
INFO: Run Behavior\BuildLiteBehavior [ RunTime:0.000043s ]
INFO: [ app_init ] --END-- [ RunTime:0.001657s ]
ERR: 无法加载模块:Public

[ 2019-04-10T21:25:27+08:00 ] ::1 /selftest/Public/js/bootstrap.min.js.map
INFO: [ app_init ] --START--
INFO: Run Behavior\BuildLiteBehavior [ RunTime:0.000030s ]
INFO: [ app_init ] --END-- [ RunTime:0.001581s ]
ERR: 无法加载模块:Public

[ 2019-04-10T21:25:31+08:00 ] ::1 /selftest/Public/js/bootstrap.min.js.map
INFO: [ app_init ] --START--
INFO: Run Behavior\BuildLiteBehavior [ RunTime:0.000041s ]
INFO: [ app_init ] --END-- [ RunTime:0.001592s ]
ERR: 无法加载模块:Public

[ 2019-04-10T21:29:51+08:00 ] ::1 /selftest/Public/js/bootstrap.min.js.map
INFO: [ app_init ] --START--
INFO: Run Behavior\BuildLiteBehavior [ RunTime:0.000038s ]
INFO: [ app_init ] --END-- [ RunTime:0.002142s ]
ERR: 无法加载模块:Public

[ 2019-04-10T21:29:55+08:00 ] ::1 /selftest/Public/js/bootstrap.min.js.map
INFO: [ app_init ] --START--
INFO: Run Behavior\BuildLiteBehavior [ RunTime:0.000038s ]
INFO: [ app_init ] --END-- [ RunTime:0.001340s ]
ERR: 无法加载模块:Public

[ 2019-04-10T21:31:55+08:00 ] ::1 /selftest/Public/js/bootstrap.min.js.map
INFO: [ app_init ] --START--
INFO: Run Behavior\BuildLiteBehavior [ RunTime:0.000026s ]
INFO: [ app_init ] --END-- [ RunTime:0.001438s ]
ERR: 无法加载模块:Public

[ 2019-04-10T21:32:34+08:00 ] ::1 /selftest/Public/js/bootstrap.min.js.map
INFO: [ app_init ] --START--
INFO: Run Behavior\BuildLiteBehavior [ RunTime:0.000017s ]
INFO: [ app_init ] --END-- [ RunTime:0.000973s ]
ERR: 无法加载模块:Public

[ 2019-04-10T21:32:53+08:00 ] ::1 /selftest/Public/js/bootstrap.min.js.map
INFO: [ app_init ] --START--
INFO: Run Behavior\BuildLiteBehavior [ RunTime:0.000032s ]
INFO: [ app_init ] --END-- [ RunTime:0.001886s ]
ERR: 无法加载模块:Public

[ 2019-04-10T21:32:57+08:00 ] ::1 /selftest/Public/js/bootstrap.min.js.map
INFO: [ app_init ] --START--
INFO: Run Behavior\BuildLiteBehavior [ RunTime:0.000028s ]
INFO: [ app_init ] --END-- [ RunTime:0.001202s ]
ERR: 无法加载模块:Public

[ 2019-04-10T21:33:00+08:00 ] ::1 /selftest/Public/js/bootstrap.min.js.map
INFO: [ app_init ] --START--
INFO: Run Behavior\BuildLiteBehavior [ RunTime:0.000031s ]
INFO: [ app_init ] --END-- [ RunTime:0.001404s ]
ERR: 无法加载模块:Public

[ 2019-04-10T22:37:44+08:00 ] ::1 /selftest/Public/js/bootstrap.min.js.map
INFO: [ app_init ] --START--
INFO: Run Behavior\BuildLiteBehavior [ RunTime:0.000028s ]
INFO: [ app_init ] --END-- [ RunTime:0.015478s ]
ERR: 无法加载模块:Public

[ 2019-04-10T22:44:01+08:00 ] ::1 /selftest/Public/js/bootstrap.min.js.map
INFO: [ app_init ] --START--
INFO: Run Behavior\BuildLiteBehavior [ RunTime:0.000031s ]
INFO: [ app_init ] --END-- [ RunTime:0.001618s ]
ERR: 无法加载模块:Public

[ 2019-04-10T22:56:27+08:00 ] ::1 /selftest/Public/js/bootstrap.min.js.map
INFO: [ app_init ] --START--
INFO: Run Behavior\BuildLiteBehavior [ RunTime:0.000033s ]
INFO: [ app_init ] --END-- [ RunTime:0.001805s ]
ERR: 无法加载模块:Public

[ 2019-04-10T22:56:36+08:00 ] ::1 /selftest/Public/js/bootstrap.min.js.map
INFO: [ app_init ] --START--
INFO: Run Behavior\BuildLiteBehavior [ RunTime:0.000029s ]
INFO: [ app_init ] --END-- [ RunTime:0.001464s ]
ERR: 无法加载模块:Public

