[ 2019-03-15T00:00:03+08:00 ] ::1 /selftest/index.php/Admin/Login/doLogin.html
INFO: [ app_init ] --START--
INFO: Run Behavior\BuildLiteBehavior [ RunTime:0.000022s ]
INFO: [ app_init ] --END-- [ RunTime:0.001074s ]
INFO: [ app_begin ] --START--
INFO: Run Behavior\ReadHtmlCacheBehavior [ RunTime:0.002036s ]
INFO: [ app_begin ] --END-- [ RunTime:0.002113s ]
NOTIC: [2] Missing argument 1 for I(), called in D:\XM\selftest\Application\Admin\Controller\LoginController.class.php on line 16 and defined D:\XM\selftest\ThinkPHP\Common\functions.php 第 303 行.
NOTIC: [8] Undefined variable: name D:\XM\selftest\ThinkPHP\Common\functions.php 第 306 行.
NOTIC: [8] Undefined variable: name D:\XM\selftest\ThinkPHP\Common\functions.php 第 313 行.
NOTIC: [8] Undefined variable: name D:\XM\selftest\ThinkPHP\Common\functions.php 第 376 行.

[ 2019-03-15T00:00:05+08:00 ] ::1 /selftest/index.php/Admin/Login/verify.html?9185
INFO: [ app_init ] --START--
INFO: Run Behavior\BuildLiteBehavior [ RunTime:0.000020s ]
INFO: [ app_init ] --END-- [ RunTime:0.001475s ]

[ 2019-03-15T00:00:18+08:00 ] ::1 /selftest/index.php/Admin/Login/doLogin.html
INFO: [ app_init ] --START--
INFO: Run Behavior\BuildLiteBehavior [ RunTime:0.000013s ]
INFO: [ app_init ] --END-- [ RunTime:0.000878s ]
INFO: [ app_begin ] --START--
INFO: Run Behavior\ReadHtmlCacheBehavior [ RunTime:0.003025s ]
INFO: [ app_begin ] --END-- [ RunTime:0.003101s ]
NOTIC: [2] Missing argument 1 for I(), called in D:\XM\selftest\Application\Admin\Controller\LoginController.class.php on line 16 and defined D:\XM\selftest\ThinkPHP\Common\functions.php 第 303 行.
NOTIC: [8] Undefined variable: name D:\XM\selftest\ThinkPHP\Common\functions.php 第 306 行.
NOTIC: [8] Undefined variable: name D:\XM\selftest\ThinkPHP\Common\functions.php 第 313 行.
NOTIC: [8] Undefined variable: name D:\XM\selftest\ThinkPHP\Common\functions.php 第 376 行.
SQL: SHOW COLUMNS FROM `st_admin_inf` [ RunTime:0.0099s ]
SQL: SELECT * FROM `st_admin_inf` WHERE ( sai_username = "admin" ) LIMIT 1   [ RunTime:0.0005s ]
SQL: UPDATE `st_admin_inf` SET `sai_login_ip`='::1',`sai_login_time`='1552579218' WHERE `sai_admin_id` = 1900000001 [ RunTime:0.0032s ]

[ 2019-03-15T00:00:19+08:00 ] ::1 /selftest/index.php/Admin/Login/verify.html?8592
INFO: [ app_init ] --START--
INFO: Run Behavior\BuildLiteBehavior [ RunTime:0.000022s ]
INFO: [ app_init ] --END-- [ RunTime:0.001339s ]

[ 2019-03-15T00:00:19+08:00 ] ::1 /selftest/index.php/Admin/Index/index.html
INFO: [ app_init ] --START--
INFO: Run Behavior\BuildLiteBehavior [ RunTime:0.000020s ]
INFO: [ app_init ] --END-- [ RunTime:0.000995s ]

[ 2019-03-15T20:18:33+08:00 ] ::1 /selftest/index.php/Admin/Login/logout.html
INFO: [ app_init ] --START--
INFO: Run Behavior\BuildLiteBehavior [ RunTime:0.000017s ]
INFO: [ app_init ] --END-- [ RunTime:0.001522s ]

[ 2019-03-15T20:18:34+08:00 ] ::1 /selftest/index.php/Admin/Login/login.html
INFO: [ app_init ] --START--
INFO: Run Behavior\BuildLiteBehavior [ RunTime:0.000014s ]
INFO: [ app_init ] --END-- [ RunTime:0.000900s ]

[ 2019-03-15T20:18:34+08:00 ] ::1 /selftest/index.php/Admin/Login/verify.html
INFO: [ app_init ] --START--
INFO: Run Behavior\BuildLiteBehavior [ RunTime:0.000023s ]
INFO: [ app_init ] --END-- [ RunTime:0.001326s ]

[ 2019-03-15T20:19:03+08:00 ] ::1 /selftest/index.php/Admin/Login/doLogin.html
INFO: [ app_init ] --START--
INFO: Run Behavior\BuildLiteBehavior [ RunTime:0.000014s ]
INFO: [ app_init ] --END-- [ RunTime:0.000889s ]
INFO: [ app_begin ] --START--
INFO: Run Behavior\ReadHtmlCacheBehavior [ RunTime:0.001811s ]
INFO: [ app_begin ] --END-- [ RunTime:0.001884s ]
NOTIC: [2] Missing argument 1 for I(), called in D:\XM\selftest\Application\Admin\Controller\LoginController.class.php on line 16 and defined D:\XM\selftest\ThinkPHP\Common\functions.php 第 303 行.
NOTIC: [8] Undefined variable: name D:\XM\selftest\ThinkPHP\Common\functions.php 第 306 行.
NOTIC: [8] Undefined variable: name D:\XM\selftest\ThinkPHP\Common\functions.php 第 313 行.
NOTIC: [8] Undefined variable: name D:\XM\selftest\ThinkPHP\Common\functions.php 第 376 行.
SQL: SHOW COLUMNS FROM `st_admin_inf` [ RunTime:0.0093s ]
SQL: SELECT * FROM `st_admin_inf` WHERE ( sai_username = "admin@qq.com" ) LIMIT 1   [ RunTime:0.0004s ]

[ 2019-03-15T20:19:04+08:00 ] ::1 /selftest/index.php/Admin/Login/verify.html?2630
INFO: [ app_init ] --START--
INFO: Run Behavior\BuildLiteBehavior [ RunTime:0.000015s ]
INFO: [ app_init ] --END-- [ RunTime:0.000920s ]

[ 2019-03-15T20:19:10+08:00 ] ::1 /selftest/index.php/Admin/Login/doLogin.html
INFO: [ app_init ] --START--
INFO: Run Behavior\BuildLiteBehavior [ RunTime:0.000015s ]
INFO: [ app_init ] --END-- [ RunTime:0.001211s ]
INFO: [ app_begin ] --START--
INFO: Run Behavior\ReadHtmlCacheBehavior [ RunTime:0.001878s ]
INFO: [ app_begin ] --END-- [ RunTime:0.001936s ]
NOTIC: [2] Missing argument 1 for I(), called in D:\XM\selftest\Application\Admin\Controller\LoginController.class.php on line 16 and defined D:\XM\selftest\ThinkPHP\Common\functions.php 第 303 行.
NOTIC: [8] Undefined variable: name D:\XM\selftest\ThinkPHP\Common\functions.php 第 306 行.
NOTIC: [8] Undefined variable: name D:\XM\selftest\ThinkPHP\Common\functions.php 第 313 行.
NOTIC: [8] Undefined variable: name D:\XM\selftest\ThinkPHP\Common\functions.php 第 376 行.
SQL: SHOW COLUMNS FROM `st_admin_inf` [ RunTime:0.0091s ]
SQL: SELECT * FROM `st_admin_inf` WHERE ( sai_username = "admin" ) LIMIT 1   [ RunTime:0.0005s ]
SQL: UPDATE `st_admin_inf` SET `sai_login_ip`='::1',`sai_login_time`='1552652350' WHERE `sai_admin_id` = 1900000001 [ RunTime:0.0029s ]

[ 2019-03-15T20:19:11+08:00 ] ::1 /selftest/index.php/Admin/Login/verify.html?4834
INFO: [ app_init ] --START--
INFO: Run Behavior\BuildLiteBehavior [ RunTime:0.000024s ]
INFO: [ app_init ] --END-- [ RunTime:0.002966s ]

[ 2019-03-15T20:19:11+08:00 ] ::1 /selftest/index.php/Admin/Index/index.html
INFO: [ app_init ] --START--
INFO: Run Behavior\BuildLiteBehavior [ RunTime:0.000015s ]
INFO: [ app_init ] --END-- [ RunTime:0.001329s ]

[ 2019-03-15T20:23:46+08:00 ] ::1 /selftest/admin
INFO: [ app_init ] --START--
INFO: Run Behavior\BuildLiteBehavior [ RunTime:0.000032s ]
INFO: [ app_init ] --END-- [ RunTime:0.000920s ]

[ 2019-03-15T21:05:39+08:00 ] ::1 /selftest/admin
INFO: [ app_init ] --START--
INFO: Run Behavior\BuildLiteBehavior [ RunTime:0.000013s ]
INFO: [ app_init ] --END-- [ RunTime:0.000932s ]

[ 2019-03-15T21:07:35+08:00 ] ::1 /selftest/admin
INFO: [ app_init ] --START--
INFO: Run Behavior\BuildLiteBehavior [ RunTime:0.000016s ]
INFO: [ app_init ] --END-- [ RunTime:0.000899s ]

[ 2019-03-15T21:07:43+08:00 ] ::1 /selftest/admin
INFO: [ app_init ] --START--
INFO: Run Behavior\BuildLiteBehavior [ RunTime:0.000014s ]
INFO: [ app_init ] --END-- [ RunTime:0.000952s ]

[ 2019-03-15T21:08:12+08:00 ] ::1 /selftest/admin
INFO: [ app_init ] --START--
INFO: Run Behavior\BuildLiteBehavior [ RunTime:0.000015s ]
INFO: [ app_init ] --END-- [ RunTime:0.000990s ]

[ 2019-03-15T21:08:16+08:00 ] ::1 /selftest/index.php/Admin/Login/logout.html
INFO: [ app_init ] --START--
INFO: Run Behavior\BuildLiteBehavior [ RunTime:0.000016s ]
INFO: [ app_init ] --END-- [ RunTime:0.002202s ]

[ 2019-03-15T21:08:17+08:00 ] ::1 /selftest/index.php/Admin/Login/login.html
INFO: [ app_init ] --START--
INFO: Run Behavior\BuildLiteBehavior [ RunTime:0.000013s ]
INFO: [ app_init ] --END-- [ RunTime:0.000934s ]

[ 2019-03-15T21:08:17+08:00 ] ::1 /selftest/index.php/Admin/Login/verify.html
INFO: [ app_init ] --START--
INFO: Run Behavior\BuildLiteBehavior [ RunTime:0.000018s ]
INFO: [ app_init ] --END-- [ RunTime:0.001934s ]

[ 2019-03-15T21:08:23+08:00 ] ::1 /selftest/index.php/Admin/Login/doLogin.html
INFO: [ app_init ] --START--
INFO: Run Behavior\BuildLiteBehavior [ RunTime:0.000013s ]
INFO: [ app_init ] --END-- [ RunTime:0.000882s ]
INFO: [ app_begin ] --START--
INFO: Run Behavior\ReadHtmlCacheBehavior [ RunTime:0.001702s ]
INFO: [ app_begin ] --END-- [ RunTime:0.001757s ]
NOTIC: [2] Missing argument 1 for I(), called in D:\XM\selftest\Application\Admin\Controller\LoginController.class.php on line 16 and defined D:\XM\selftest\ThinkPHP\Common\functions.php 第 303 行.
NOTIC: [8] Undefined variable: name D:\XM\selftest\ThinkPHP\Common\functions.php 第 306 行.
NOTIC: [8] Undefined variable: name D:\XM\selftest\ThinkPHP\Common\functions.php 第 313 行.
NOTIC: [8] Undefined variable: name D:\XM\selftest\ThinkPHP\Common\functions.php 第 376 行.

[ 2019-03-15T21:08:25+08:00 ] ::1 /selftest/index.php/Admin/Login/verify.html?5235
INFO: [ app_init ] --START--
INFO: Run Behavior\BuildLiteBehavior [ RunTime:0.000020s ]
INFO: [ app_init ] --END-- [ RunTime:0.001271s ]

[ 2019-03-15T21:08:29+08:00 ] ::1 /selftest/index.php/Admin/Login/doLogin.html
INFO: [ app_init ] --START--
INFO: Run Behavior\BuildLiteBehavior [ RunTime:0.000022s ]
INFO: [ app_init ] --END-- [ RunTime:0.002358s ]
INFO: [ app_begin ] --START--
INFO: Run Behavior\ReadHtmlCacheBehavior [ RunTime:0.001700s ]
INFO: [ app_begin ] --END-- [ RunTime:0.001774s ]
NOTIC: [2] Missing argument 1 for I(), called in D:\XM\selftest\Application\Admin\Controller\LoginController.class.php on line 16 and defined D:\XM\selftest\ThinkPHP\Common\functions.php 第 303 行.
NOTIC: [8] Undefined variable: name D:\XM\selftest\ThinkPHP\Common\functions.php 第 306 行.
NOTIC: [8] Undefined variable: name D:\XM\selftest\ThinkPHP\Common\functions.php 第 313 行.
NOTIC: [8] Undefined variable: name D:\XM\selftest\ThinkPHP\Common\functions.php 第 376 行.
SQL: SHOW COLUMNS FROM `st_admin_inf` [ RunTime:0.0113s ]
SQL: SELECT * FROM `st_admin_inf` WHERE ( sai_username = "admin" ) LIMIT 1   [ RunTime:0.0005s ]
SQL: UPDATE `st_admin_inf` SET `sai_login_ip`='::1',`sai_login_time`='1552655309' WHERE `sai_admin_id` = 1900000001 [ RunTime:0.0032s ]

[ 2019-03-15T21:08:29+08:00 ] ::1 /selftest/index.php/Admin/Login/verify.html?7413
INFO: [ app_init ] --START--
INFO: Run Behavior\BuildLiteBehavior [ RunTime:0.000025s ]
INFO: [ app_init ] --END-- [ RunTime:0.001055s ]

[ 2019-03-15T21:08:29+08:00 ] ::1 /selftest/index.php/Admin/Index/index.html
INFO: [ app_init ] --START--
INFO: Run Behavior\BuildLiteBehavior [ RunTime:0.000017s ]
INFO: [ app_init ] --END-- [ RunTime:0.001001s ]

[ 2019-03-15T21:09:54+08:00 ] ::1 /selftest/index.php/Admin/Index/index.html
INFO: [ app_init ] --START--
INFO: Run Behavior\BuildLiteBehavior [ RunTime:0.000017s ]
INFO: [ app_init ] --END-- [ RunTime:0.000920s ]

[ 2019-03-15T21:10:18+08:00 ] ::1 /selftest/index.php/Admin/Index/index.html
INFO: [ app_init ] --START--
INFO: Run Behavior\BuildLiteBehavior [ RunTime:0.000018s ]
INFO: [ app_init ] --END-- [ RunTime:0.001114s ]

[ 2019-03-15T21:10:54+08:00 ] ::1 /selftest/index.php/Admin/Index/index.html
INFO: [ app_init ] --START--
INFO: Run Behavior\BuildLiteBehavior [ RunTime:0.000015s ]
INFO: [ app_init ] --END-- [ RunTime:0.000930s ]

[ 2019-03-15T21:11:25+08:00 ] ::1 /selftest/index.php/Admin/Index/index.html
INFO: [ app_init ] --START--
INFO: Run Behavior\BuildLiteBehavior [ RunTime:0.000017s ]
INFO: [ app_init ] --END-- [ RunTime:0.001209s ]

[ 2019-03-15T21:12:25+08:00 ] ::1 /selftest/index.php/Admin/Index/index.html
INFO: [ app_init ] --START--
INFO: Run Behavior\BuildLiteBehavior [ RunTime:0.000015s ]
INFO: [ app_init ] --END-- [ RunTime:0.001237s ]

[ 2019-03-15T21:12:34+08:00 ] ::1 /selftest/index.php/Admin/Borrow
INFO: [ app_init ] --START--
INFO: Run Behavior\BuildLiteBehavior [ RunTime:0.000014s ]
INFO: [ app_init ] --END-- [ RunTime:0.000930s ]
ERR: 无法加载控制器:Borrow

[ 2019-03-15T21:30:00+08:00 ] ::1 /selftest/index.php/Admin/Borrow
INFO: [ app_init ] --START--
INFO: Run Behavior\BuildLiteBehavior [ RunTime:0.000014s ]
INFO: [ app_init ] --END-- [ RunTime:0.001110s ]
ERR: 无法加载控制器:Borrow

[ 2019-03-15T21:30:56+08:00 ] ::1 /selftest/index.php/Admin/Index/index.html
INFO: [ app_init ] --START--
INFO: Run Behavior\BuildLiteBehavior [ RunTime:0.000016s ]
INFO: [ app_init ] --END-- [ RunTime:0.000946s ]

